<?xml version="1.0" encoding="UTF-8"?>
<testng-results ignored="0" total="1" passed="1" failed="0" skipped="0">
  <reporter-output>
  </reporter-output>
  <suite started-at="2018-04-19T19:29:46Z" name="Default suite" finished-at="2018-04-19T19:30:34Z" duration-ms="47787">
    <groups>
    </groups>
    <test started-at="2018-04-19T19:29:46Z" name="Default test" finished-at="2018-04-19T19:30:34Z" duration-ms="47787">
      <class name="TestNGtest.SecondTestNGTestWithSelenium">
        <test-method signature="testOnWebsite()[pri:0, instance:TestNGtest.SecondTestNGTestWithSelenium@1a4013]" started-at="2018-04-19T19:29:46Z" name="testOnWebsite" finished-at="2018-04-19T19:30:34Z" duration-ms="47754" status="PASS">
          <reporter-output>
          </reporter-output>
        </test-method> <!-- testOnWebsite -->
      </class> <!-- TestNGtest.SecondTestNGTestWithSelenium -->
    </test> <!-- Default test -->
  </suite> <!-- Default suite -->
</testng-results>
